# JRE version: Java(TM) SE Runtime Environment (8.0_191-b12) (build 1.8.0_191-b12)
# Java VM: Java HotSpot(TM) 64-Bit Server VM (25.191-b12 mixed mode windows-amd64 compressed oops)
Heap:
 PSYoungGen      total 179712K, used 19201K [0x00000000d6300000, 0x00000000e5d00000, 0x0000000100000000)
  eden space 167424K, 4% used [0x00000000d6300000,0x00000000d69c7778,0x00000000e0680000)
  from space 12288K, 99% used [0x00000000e0680000,0x00000000e1279060,0x00000000e1280000)
  to   space 16384K, 0% used [0x00000000e4d00000,0x00000000e4d00000,0x00000000e5d00000)
 ParOldGen       total 60416K, used 17473K [0x0000000082800000, 0x0000000086300000, 0x00000000d6300000)
  object space 60416K, 28% used [0x0000000082800000,0x0000000083910488,0x0000000086300000)
 Metaspace       used 34757K, capacity 35385K, committed 35496K, reserved 1081344K
  class space    used 4401K, capacity 4603K, committed 4608K, reserved 1048576K
GC Heap History (10 events):
Event: 2.592 GC heap before
{Heap before GC invocations=6 (full 1):
 PSYoungGen      total 70656K, used 5112K [0x00000000d6300000, 0x00000000df800000, 0x0000000100000000)
  eden space 65536K, 0% used [0x00000000d6300000,0x00000000d6300000,0x00000000da300000)
  from space 5120K, 99% used [0x00000000da300000,0x00000000da7fe010,0x00000000da800000)
  to   space 10752K, 0% used [0x00000000ded80000,0x00000000ded80000,0x00000000df800000)
 ParOldGen       total 86016K, used 11021K [0x0000000082800000, 0x0000000087c00000, 0x00000000d6300000)
  object space 86016K, 12% used [0x0000000082800000,0x00000000832c35c8,0x0000000087c00000)
 Metaspace       used 20816K, capacity 21177K, committed 21296K, reserved 1069056K
  class space    used 2570K, capacity 2688K, committed 2688K, reserved 1048576K
Event: 2.629 GC heap after
Heap after GC invocations=6 (full 1):
 PSYoungGen      total 70656K, used 0K [0x00000000d6300000, 0x00000000df800000, 0x0000000100000000)
  eden space 65536K, 0% used [0x00000000d6300000,0x00000000d6300000,0x00000000da300000)
  from space 5120K, 0% used [0x00000000da300000,0x00000000da300000,0x00000000da800000)
  to   space 10752K, 0% used [0x00000000ded80000,0x00000000ded80000,0x00000000df800000)
 ParOldGen       total 60416K, used 10738K [0x0000000082800000, 0x0000000086300000, 0x00000000d6300000)
  object space 60416K, 17% used [0x0000000082800000,0x000000008327cac8,0x0000000086300000)
 Metaspace       used 20816K, capacity 21177K, committed 21296K, reserved 1069056K
  class space    used 2570K, capacity 2688K, committed 2688K, reserved 1048576K
}
Event: 3.107 GC heap before
{Heap before GC invocations=7 (full 1):
 PSYoungGen      total 70656K, used 65536K [0x00000000d6300000, 0x00000000df800000, 0x0000000100000000)
  eden space 65536K, 100% used [0x00000000d6300000,0x00000000da300000,0x00000000da300000)
  from space 5120K, 0% used [0x00000000da300000,0x00000000da300000,0x00000000da800000)
  to   space 10752K, 0% used [0x00000000ded80000,0x00000000ded80000,0x00000000df800000)
 ParOldGen       total 60416K, used 10738K [0x0000000082800000, 0x0000000086300000, 0x00000000d6300000)
  object space 60416K, 17% used [0x0000000082800000,0x000000008327cac8,0x0000000086300000)
 Metaspace       used 22364K, capacity 22801K, committed 23088K, reserved 1069056K
  class space    used 2784K, capacity 2904K, committed 2944K, reserved 1048576K
Event: 3.111 GC heap after
Heap after GC invocations=7 (full 1):
 PSYoungGen      total 110592K, used 3603K [0x00000000d6300000, 0x00000000df180000, 0x0000000100000000)
  eden space 106496K, 0% used [0x00000000d6300000,0x00000000d6300000,0x00000000dcb00000)
  from space 4096K, 87% used [0x00000000ded80000,0x00000000df104c58,0x00000000df180000)
  to   space 11264K, 0% used [0x00000000ddb80000,0x00000000ddb80000,0x00000000de680000)
 ParOldGen       total 60416K, used 10746K [0x0000000082800000, 0x0000000086300000, 0x00000000d6300000)
  object space 60416K, 17% used [0x0000000082800000,0x000000008327eac8,0x0000000086300000)
 Metaspace       used 22364K, capacity 22801K, committed 23088K, reserved 1069056K
  class space    used 2784K, capacity 2904K, committed 2944K, reserved 1048576K
}
Event: 3.908 GC heap before
{Heap before GC invocations=8 (full 1):
 PSYoungGen      total 110592K, used 110099K [0x00000000d6300000, 0x00000000df180000, 0x0000000100000000)
  eden space 106496K, 100% used [0x00000000d6300000,0x00000000dcb00000,0x00000000dcb00000)
  from space 4096K, 87% used [0x00000000ded80000,0x00000000df104c58,0x00000000df180000)
  to   space 11264K, 0% used [0x00000000ddb80000,0x00000000ddb80000,0x00000000de680000)
 ParOldGen       total 60416K, used 10746K [0x0000000082800000, 0x0000000086300000, 0x00000000d6300000)
  object space 60416K, 17% used [0x0000000082800000,0x000000008327eac8,0x0000000086300000)
 Metaspace       used 24841K, capacity 25233K, committed 25344K, reserved 1071104K
  class space    used 3154K, capacity 3272K, committed 3328K, reserved 1048576K
Event: 3.917 GC heap after
Heap after GC invocations=8 (full 1):
 PSYoungGen      total 134656K, used 7163K [0x00000000d6300000, 0x00000000e1d00000, 0x0000000100000000)
  eden space 123392K, 0% used [0x00000000d6300000,0x00000000d6300000,0x00000000ddb80000)
  from space 11264K, 63% used [0x00000000ddb80000,0x00000000de27ee80,0x00000000de680000)
  to   space 10752K, 0% used [0x00000000e1280000,0x00000000e1280000,0x00000000e1d00000)
 ParOldGen       total 60416K, used 10754K [0x0000000082800000, 0x0000000086300000, 0x00000000d6300000)
  object space 60416K, 17% used [0x0000000082800000,0x0000000083280ac8,0x0000000086300000)
 Metaspace       used 24841K, capacity 25233K, committed 25344K, reserved 1071104K
  class space    used 3154K, capacity 3272K, committed 3328K, reserved 1048576K
}
Event: 4.787 GC heap before
{Heap before GC invocations=9 (full 1):
 PSYoungGen      total 134656K, used 130555K [0x00000000d6300000, 0x00000000e1d00000, 0x0000000100000000)
  eden space 123392K, 100% used [0x00000000d6300000,0x00000000ddb80000,0x00000000ddb80000)
  from space 11264K, 63% used [0x00000000ddb80000,0x00000000de27ee80,0x00000000de680000)
  to   space 10752K, 0% used [0x00000000e1280000,0x00000000e1280000,0x00000000e1d00000)
 ParOldGen       total 60416K, used 10754K [0x0000000082800000, 0x0000000086300000, 0x00000000d6300000)
  object space 60416K, 17% used [0x0000000082800000,0x0000000083280ac8,0x0000000086300000)
 Metaspace       used 28985K, capacity 29433K, committed 29696K, reserved 1075200K
  class space    used 3715K, capacity 3828K, committed 3840K, reserved 1048576K
Event: 4.800 GC heap after
Heap after GC invocations=9 (full 1):
 PSYoungGen      total 178176K, used 10728K [0x00000000d6300000, 0x00000000e3800000, 0x0000000100000000)
  eden space 167424K, 0% used [0x00000000d6300000,0x00000000d6300000,0x00000000e0680000)
  from space 10752K, 99% used [0x00000000e1280000,0x00000000e1cfa010,0x00000000e1d00000)
  to   space 12288K, 0% used [0x00000000e0680000,0x00000000e0680000,0x00000000e1280000)
 ParOldGen       total 60416K, used 10988K [0x0000000082800000, 0x0000000086300000, 0x00000000d6300000)
  object space 60416K, 18% used [0x0000000082800000,0x00000000832bb1d0,0x0000000086300000)
 Metaspace       used 28985K, capacity 29433K, committed 29696K, reserved 1075200K
  class space    used 3715K, capacity 3828K, committed 3840K, reserved 1048576K
}
Event: 6.294 GC heap before
{Heap before GC invocations=10 (full 1):
 PSYoungGen      total 178176K, used 178152K [0x00000000d6300000, 0x00000000e3800000, 0x0000000100000000)
  eden space 167424K, 100% used [0x00000000d6300000,0x00000000e0680000,0x00000000e0680000)
  from space 10752K, 99% used [0x00000000e1280000,0x00000000e1cfa010,0x00000000e1d00000)
  to   space 12288K, 0% used [0x00000000e0680000,0x00000000e0680000,0x00000000e1280000)
 ParOldGen       total 60416K, used 10988K [0x0000000082800000, 0x0000000086300000, 0x00000000d6300000)
  object space 60416K, 18% used [0x0000000082800000,0x00000000832bb1d0,0x0000000086300000)
 Metaspace       used 34755K, capacity 35385K, committed 35496K, reserved 1081344K
  class space    used 4401K, capacity 4603K, committed 4608K, reserved 1048576K
Event: 6.315 GC heap after
Heap after GC invocations=10 (full 1):
 PSYoungGen      total 179712K, used 12260K [0x00000000d6300000, 0x00000000e5d00000, 0x0000000100000000)
  eden space 167424K, 0% used [0x00000000d6300000,0x00000000d6300000,0x00000000e0680000)
  from space 12288K, 99% used [0x00000000e0680000,0x00000000e1279060,0x00000000e1280000)
  to   space 16384K, 0% used [0x00000000e4d00000,0x00000000e4d00000,0x00000000e5d00000)
 ParOldGen       total 60416K, used 17473K [0x0000000082800000, 0x0000000086300000, 0x00000000d6300000)
  object space 60416K, 28% used [0x0000000082800000,0x0000000083910488,0x0000000086300000)
 Metaspace       used 34755K, capacity 35385K, committed 35496K, reserved 1081344K
  class space    used 4401K, capacity 4603K, committed 4608K, reserved 1048576K
}

